2024-08-26T05:18:39.620Z [INFO]: Database connected successfully
2024-08-26T05:30:35.964Z [INFO]: Database connected successfully
2024-08-26T05:30:39.860Z [INFO]: Retrieved 1 users
2024-08-26T05:31:30.925Z [WARN]: Missing fields in createUser request
2024-08-26T05:34:15.243Z [WARN]: Missing fields in createUser request
2024-08-26T05:47:02.501Z [INFO]: Database connected successfully
2024-08-26T05:53:25.170Z [INFO]: Database connected successfully
2024-08-26T06:28:46.932Z [INFO]: Database connected successfully
2024-08-26T06:28:57.488Z [INFO]: Database connected successfully
2024-08-26T09:07:40.774Z [INFO]: Database connected successfully
2024-08-26T09:08:00.761Z [INFO]: Retrieved 1 users
2025-01-02T10:14:09.933Z [INFO]: Database connected successfully
2025-01-02T10:18:43.036Z [INFO]: User created: Sharanya1
2025-01-02T10:26:15.580Z [INFO]: Database connected successfully
2025-01-02T10:26:26.199Z [INFO]: User created: Sharanya1
2025-01-02T10:26:29.651Z [WARN]: User with username Sharanya1 already exists
2025-01-02T10:27:03.702Z [INFO]: User created: Sharanya2
2025-01-02T10:27:08.115Z [WARN]: User with username Sharanya2 already exists
2025-01-02T10:27:20.411Z [WARN]: User with username Sharanya2 already exists
2025-01-02T10:28:00.192Z [INFO]: Retrieved 2 users
2025-01-02T10:28:40.899Z [INFO]: Retrieved 2 users
2025-01-02T10:29:12.350Z [WARN]: User with username Sharanya1 already exists
2025-01-02T10:29:53.534Z [WARN]: Missing fields in createUser request
2025-01-02T10:31:01.679Z [WARN]: usernotfound
2025-01-02T10:31:17.856Z [INFO]: User updated: Sharanya1
2025-01-02T10:31:28.610Z [INFO]: Retrieved 2 users
2025-01-02T10:31:41.523Z [INFO]: Retrieved 2 users
